C:\USERS\BEN\DESKTOP\RASTERTEK\TERTUT08\ENGINE\DEBUG\ENGINE.EXE
C:\USERS\BEN\DESKTOP\RASTERTEK\TERTUT08\ENGINE\DEBUG\ENGINE.ILK
C:\USERS\BEN\DESKTOP\RASTERTEK\TERTUT08\ENGINE\DEBUG\ENGINE.PDB
C:\USERS\BEN\DESKTOP\RASTERTEK\TERTUT08\ENGINE\ENGINE\DEBUG\APPLICATIONCLASS.OBJ
C:\USERS\BEN\DESKTOP\RASTERTEK\TERTUT08\ENGINE\ENGINE\DEBUG\BITMAPCLASS.OBJ
C:\USERS\BEN\DESKTOP\RASTERTEK\TERTUT08\ENGINE\ENGINE\DEBUG\CAMERACLASS.OBJ
C:\USERS\BEN\DESKTOP\RASTERTEK\TERTUT08\ENGINE\ENGINE\DEBUG\CPUCLASS.OBJ
C:\USERS\BEN\DESKTOP\RASTERTEK\TERTUT08\ENGINE\ENGINE\DEBUG\D3DCLASS.OBJ
C:\USERS\BEN\DESKTOP\RASTERTEK\TERTUT08\ENGINE\ENGINE\DEBUG\ENGINE.EXE.EMBED.MANIFEST.RES
C:\USERS\BEN\DESKTOP\RASTERTEK\TERTUT08\ENGINE\ENGINE\DEBUG\ENGINE.EXE.INTERMEDIATE.MANIFEST
C:\USERS\BEN\DESKTOP\RASTERTEK\TERTUT08\ENGINE\ENGINE\DEBUG\FONTCLASS.OBJ
C:\USERS\BEN\DESKTOP\RASTERTEK\TERTUT08\ENGINE\ENGINE\DEBUG\FONTSHADERCLASS.OBJ
C:\USERS\BEN\DESKTOP\RASTERTEK\TERTUT08\ENGINE\ENGINE\DEBUG\FPSCLASS.OBJ
C:\USERS\BEN\DESKTOP\RASTERTEK\TERTUT08\ENGINE\ENGINE\DEBUG\INPUTCLASS.OBJ
C:\USERS\BEN\DESKTOP\RASTERTEK\TERTUT08\ENGINE\ENGINE\DEBUG\LIGHTCLASS.OBJ
C:\USERS\BEN\DESKTOP\RASTERTEK\TERTUT08\ENGINE\ENGINE\DEBUG\MAIN.OBJ
C:\USERS\BEN\DESKTOP\RASTERTEK\TERTUT08\ENGINE\ENGINE\DEBUG\MINIMAPCLASS.OBJ
C:\USERS\BEN\DESKTOP\RASTERTEK\TERTUT08\ENGINE\ENGINE\DEBUG\POSITIONCLASS.OBJ
C:\USERS\BEN\DESKTOP\RASTERTEK\TERTUT08\ENGINE\ENGINE\DEBUG\SYSTEMCLASS.OBJ
C:\USERS\BEN\DESKTOP\RASTERTEK\TERTUT08\ENGINE\ENGINE\DEBUG\TERRAINCLASS.OBJ
C:\USERS\BEN\DESKTOP\RASTERTEK\TERTUT08\ENGINE\ENGINE\DEBUG\TERRAINSHADERCLASS.OBJ
C:\USERS\BEN\DESKTOP\RASTERTEK\TERTUT08\ENGINE\ENGINE\DEBUG\TEXTCLASS.OBJ
C:\USERS\BEN\DESKTOP\RASTERTEK\TERTUT08\ENGINE\ENGINE\DEBUG\TEXTURECLASS.OBJ
C:\USERS\BEN\DESKTOP\RASTERTEK\TERTUT08\ENGINE\ENGINE\DEBUG\TEXTURESHADERCLASS.OBJ
C:\USERS\BEN\DESKTOP\RASTERTEK\TERTUT08\ENGINE\ENGINE\DEBUG\TIMERCLASS.OBJ
C:\USERS\BEN\DESKTOP\RASTERTEK\TERTUT08\ENGINE\ENGINE\DEBUG\VC100.PDB
C:\USERS\CRAIG\DESKTOP\TERTUT08\ENGINE\DEBUG\ENGINE.EXE
C:\USERS\CRAIG\DESKTOP\TERTUT08\ENGINE\DEBUG\ENGINE.ILK
C:\USERS\CRAIG\DESKTOP\TERTUT08\ENGINE\DEBUG\ENGINE.PDB
C:\USERS\CRAIG\DESKTOP\TERTUT08\ENGINE\ENGINE\DEBUG\APPLICATIONCLASS.OBJ
C:\USERS\CRAIG\DESKTOP\TERTUT08\ENGINE\ENGINE\DEBUG\BITMAPCLASS.OBJ
C:\USERS\CRAIG\DESKTOP\TERTUT08\ENGINE\ENGINE\DEBUG\CAMERACLASS.OBJ
C:\USERS\CRAIG\DESKTOP\TERTUT08\ENGINE\ENGINE\DEBUG\CPUCLASS.OBJ
C:\USERS\CRAIG\DESKTOP\TERTUT08\ENGINE\ENGINE\DEBUG\D3DCLASS.OBJ
C:\USERS\CRAIG\DESKTOP\TERTUT08\ENGINE\ENGINE\DEBUG\ENGINE.EXE.EMBED.MANIFEST
C:\USERS\CRAIG\DESKTOP\TERTUT08\ENGINE\ENGINE\DEBUG\ENGINE.EXE.EMBED.MANIFEST.RES
C:\USERS\CRAIG\DESKTOP\TERTUT08\ENGINE\ENGINE\DEBUG\ENGINE.EXE.INTERMEDIATE.MANIFEST
C:\USERS\CRAIG\DESKTOP\TERTUT08\ENGINE\ENGINE\DEBUG\FONTCLASS.OBJ
C:\USERS\CRAIG\DESKTOP\TERTUT08\ENGINE\ENGINE\DEBUG\FONTSHADERCLASS.OBJ
C:\USERS\CRAIG\DESKTOP\TERTUT08\ENGINE\ENGINE\DEBUG\FPSCLASS.OBJ
C:\USERS\CRAIG\DESKTOP\TERTUT08\ENGINE\ENGINE\DEBUG\INPUTCLASS.OBJ
C:\USERS\CRAIG\DESKTOP\TERTUT08\ENGINE\ENGINE\DEBUG\LIGHTCLASS.OBJ
C:\USERS\CRAIG\DESKTOP\TERTUT08\ENGINE\ENGINE\DEBUG\MAIN.OBJ
C:\USERS\CRAIG\DESKTOP\TERTUT08\ENGINE\ENGINE\DEBUG\MINIMAPCLASS.OBJ
C:\USERS\CRAIG\DESKTOP\TERTUT08\ENGINE\ENGINE\DEBUG\POSITIONCLASS.OBJ
C:\USERS\CRAIG\DESKTOP\TERTUT08\ENGINE\ENGINE\DEBUG\SYSTEMCLASS.OBJ
C:\USERS\CRAIG\DESKTOP\TERTUT08\ENGINE\ENGINE\DEBUG\TERRAINCLASS.OBJ
C:\USERS\CRAIG\DESKTOP\TERTUT08\ENGINE\ENGINE\DEBUG\TERRAINSHADERCLASS.OBJ
C:\USERS\CRAIG\DESKTOP\TERTUT08\ENGINE\ENGINE\DEBUG\TEXTCLASS.OBJ
C:\USERS\CRAIG\DESKTOP\TERTUT08\ENGINE\ENGINE\DEBUG\TEXTURECLASS.OBJ
C:\USERS\CRAIG\DESKTOP\TERTUT08\ENGINE\ENGINE\DEBUG\TEXTURESHADERCLASS.OBJ
C:\USERS\CRAIG\DESKTOP\TERTUT08\ENGINE\ENGINE\DEBUG\TIMERCLASS.OBJ
C:\USERS\CRAIG\DESKTOP\TERTUT08\ENGINE\ENGINE\DEBUG\VC100.PDB
F:\USERS\BEN\MY DOCUMENTS\CARLETON\ENGINE\DEBUG\ENGINE.EXE
F:\USERS\BEN\MY DOCUMENTS\CARLETON\ENGINE\DEBUG\ENGINE.ILK
F:\USERS\BEN\MY DOCUMENTS\CARLETON\ENGINE\DEBUG\ENGINE.PDB
F:\USERS\BEN\MY DOCUMENTS\CARLETON\ENGINE\ENGINE\DEBUG\APPLICATIONCLASS.OBJ
F:\USERS\BEN\MY DOCUMENTS\CARLETON\ENGINE\ENGINE\DEBUG\BITMAPCLASS.OBJ
F:\USERS\BEN\MY DOCUMENTS\CARLETON\ENGINE\ENGINE\DEBUG\CAMERACLASS.OBJ
F:\Users\Ben\My Documents\Carleton\Engine\Engine\Debug\cl.command.1.tlog
F:\Users\Ben\My Documents\Carleton\Engine\Engine\Debug\CL.read.1.tlog
F:\Users\Ben\My Documents\Carleton\Engine\Engine\Debug\CL.write.1.tlog
F:\USERS\BEN\MY DOCUMENTS\CARLETON\ENGINE\ENGINE\DEBUG\CPUCLASS.OBJ
F:\USERS\BEN\MY DOCUMENTS\CARLETON\ENGINE\ENGINE\DEBUG\D3DCLASS.OBJ
F:\Users\Ben\My Documents\Carleton\Engine\Engine\Debug\Engine.exe.embed.manifest
F:\USERS\BEN\MY DOCUMENTS\CARLETON\ENGINE\ENGINE\DEBUG\ENGINE.EXE.EMBED.MANIFEST.RES
F:\USERS\BEN\MY DOCUMENTS\CARLETON\ENGINE\ENGINE\DEBUG\ENGINE.EXE.INTERMEDIATE.MANIFEST
F:\Users\Ben\My Documents\Carleton\Engine\Engine\Debug\Engine.vcxprojResolveAssemblyReference.cache
F:\Users\Ben\My Documents\Carleton\Engine\Engine\Debug\Engine.write.1.tlog
F:\Users\Ben\My Documents\Carleton\Engine\Engine\Debug\Engine_manifest.rc
F:\USERS\BEN\MY DOCUMENTS\CARLETON\ENGINE\ENGINE\DEBUG\FONTCLASS.OBJ
F:\USERS\BEN\MY DOCUMENTS\CARLETON\ENGINE\ENGINE\DEBUG\FONTSHADERCLASS.OBJ
F:\USERS\BEN\MY DOCUMENTS\CARLETON\ENGINE\ENGINE\DEBUG\FPSCLASS.OBJ
F:\USERS\BEN\MY DOCUMENTS\CARLETON\ENGINE\ENGINE\DEBUG\INPUTCLASS.OBJ
F:\USERS\BEN\MY DOCUMENTS\CARLETON\ENGINE\ENGINE\DEBUG\LIGHTCLASS.OBJ
F:\Users\Ben\My Documents\Carleton\Engine\Engine\Debug\link.2916.read.1.tlog
F:\Users\Ben\My Documents\Carleton\Engine\Engine\Debug\link.2916.write.1.tlog
F:\Users\Ben\My Documents\Carleton\Engine\Engine\Debug\link.2916-cvtres.read.1.tlog
F:\Users\Ben\My Documents\Carleton\Engine\Engine\Debug\link.2916-cvtres.write.1.tlog
F:\Users\Ben\My Documents\Carleton\Engine\Engine\Debug\link.3760.read.1.tlog
F:\Users\Ben\My Documents\Carleton\Engine\Engine\Debug\link.3760.write.1.tlog
F:\Users\Ben\My Documents\Carleton\Engine\Engine\Debug\link.3760-cvtres.read.1.tlog
F:\Users\Ben\My Documents\Carleton\Engine\Engine\Debug\link.3760-cvtres.write.1.tlog
F:\Users\Ben\My Documents\Carleton\Engine\Engine\Debug\link.3780.read.1.tlog
F:\Users\Ben\My Documents\Carleton\Engine\Engine\Debug\link.3780.write.1.tlog
F:\Users\Ben\My Documents\Carleton\Engine\Engine\Debug\link.3780-cvtres.read.1.tlog
F:\Users\Ben\My Documents\Carleton\Engine\Engine\Debug\link.3780-cvtres.write.1.tlog
F:\Users\Ben\My Documents\Carleton\Engine\Engine\Debug\link.command.1.tlog
F:\Users\Ben\My Documents\Carleton\Engine\Engine\Debug\link.read.1.tlog
F:\Users\Ben\My Documents\Carleton\Engine\Engine\Debug\link.write.1.tlog
F:\Users\Ben\My Documents\Carleton\Engine\Engine\Debug\link-cvtres.read.1.tlog
F:\Users\Ben\My Documents\Carleton\Engine\Engine\Debug\link-cvtres.write.1.tlog
F:\USERS\BEN\MY DOCUMENTS\CARLETON\ENGINE\ENGINE\DEBUG\MAIN.OBJ
F:\USERS\BEN\MY DOCUMENTS\CARLETON\ENGINE\ENGINE\DEBUG\MINIMAPCLASS.OBJ
F:\USERS\BEN\MY DOCUMENTS\CARLETON\ENGINE\ENGINE\DEBUG\MODELCLASS.OBJ
F:\Users\Ben\My Documents\Carleton\Engine\Engine\Debug\mt.command.1.tlog
F:\Users\Ben\My Documents\Carleton\Engine\Engine\Debug\mt.read.1.tlog
F:\Users\Ben\My Documents\Carleton\Engine\Engine\Debug\mt.write.1.tlog
F:\USERS\BEN\MY DOCUMENTS\CARLETON\ENGINE\ENGINE\DEBUG\POSITIONCLASS.OBJ
F:\Users\Ben\My Documents\Carleton\Engine\Engine\Debug\rc.command.1.tlog
F:\Users\Ben\My Documents\Carleton\Engine\Engine\Debug\rc.read.1.tlog
F:\Users\Ben\My Documents\Carleton\Engine\Engine\Debug\rc.write.1.tlog
F:\USERS\BEN\MY DOCUMENTS\CARLETON\ENGINE\ENGINE\DEBUG\SYSTEMCLASS.OBJ
F:\USERS\BEN\MY DOCUMENTS\CARLETON\ENGINE\ENGINE\DEBUG\TERRAINCLASS.OBJ
F:\USERS\BEN\MY DOCUMENTS\CARLETON\ENGINE\ENGINE\DEBUG\TERRAINSHADERCLASS.OBJ
F:\USERS\BEN\MY DOCUMENTS\CARLETON\ENGINE\ENGINE\DEBUG\TEXTCLASS.OBJ
F:\USERS\BEN\MY DOCUMENTS\CARLETON\ENGINE\ENGINE\DEBUG\TEXTURECLASS.OBJ
F:\USERS\BEN\MY DOCUMENTS\CARLETON\ENGINE\ENGINE\DEBUG\TEXTURESHADERCLASS.OBJ
F:\USERS\BEN\MY DOCUMENTS\CARLETON\ENGINE\ENGINE\DEBUG\TIMERCLASS.OBJ
F:\Users\Ben\My Documents\Carleton\Engine\Engine\Debug\vc100.idb
F:\USERS\BEN\MY DOCUMENTS\CARLETON\ENGINE\ENGINE\DEBUG\VC100.PDB
